0 info it worked if it ends with ok
1 verbose cli [ '/usr/bin/node', '/usr/bin/npm', 'install', '-g', 'bower' ]
2 info using npm@1.4.28
3 info using node@v0.10.38
4 verbose node symlink /usr/bin/node
5 verbose cache add [ 'bower', null ]
6 verbose cache add name=undefined spec="bower" args=["bower",null]
7 verbose parsed url { protocol: null,
7 verbose parsed url   slashes: null,
7 verbose parsed url   auth: null,
7 verbose parsed url   host: null,
7 verbose parsed url   port: null,
7 verbose parsed url   hostname: null,
7 verbose parsed url   hash: null,
7 verbose parsed url   search: null,
7 verbose parsed url   query: null,
7 verbose parsed url   pathname: 'bower',
7 verbose parsed url   path: 'bower',
7 verbose parsed url   href: 'bower' }
8 silly lockFile 206e3ce5-bower bower
9 verbose lock bower /home/vagrant/.npm/206e3ce5-bower.lock
10 silly lockFile 206e3ce5-bower bower
11 silly lockFile 206e3ce5-bower bower
12 verbose addNamed [ 'bower', '' ]
13 verbose addNamed [ null, '*' ]
14 silly lockFile 1240aab1-bower bower@
15 verbose lock bower@ /home/vagrant/.npm/1240aab1-bower.lock
16 silly addNameRange { name: 'bower', range: '*', hasData: false }
17 verbose request where is /bower
18 verbose request registry https://registry.npmjs.org/
19 verbose request id 3691ae5c1191a294
20 verbose url raw /bower
21 verbose url resolving [ 'https://registry.npmjs.org/', './bower' ]
22 verbose url resolved https://registry.npmjs.org/bower
23 verbose request where is https://registry.npmjs.org/bower
24 info trying registry request attempt 1 at 08:07:34
25 http GET https://registry.npmjs.org/bower
26 http 200 https://registry.npmjs.org/bower
27 silly registry.get cb [ 200,
27 silly registry.get   { server: 'CouchDB/1.5.0 (Erlang OTP/R16B03)',
27 silly registry.get     etag: '"D166K4DV3FKFHHDXX16WKIR59"',
27 silly registry.get     'content-type': 'application/json',
27 silly registry.get     'cache-control': 'max-age=60',
27 silly registry.get     'content-length': '112716',
27 silly registry.get     'accept-ranges': 'bytes',
27 silly registry.get     date: 'Wed, 22 Jul 2015 05:07:35 GMT',
27 silly registry.get     via: '1.1 varnish',
27 silly registry.get     age: '0',
27 silly registry.get     connection: 'keep-alive',
27 silly registry.get     'x-served-by': 'cache-fra1243-FRA',
27 silly registry.get     'x-cache': 'HIT',
27 silly registry.get     'x-cache-hits': '1',
27 silly registry.get     'x-timer': 'S1437541654.781970,VS0,VE402',
27 silly registry.get     vary: 'Accept' } ]
28 silly addNameRange number 2 { name: 'bower', range: '*', hasData: true }
29 silly addNameRange versions [ 'bower',
29 silly addNameRange   [ '0.1.0',
29 silly addNameRange     '0.1.2',
29 silly addNameRange     '0.1.3',
29 silly addNameRange     '0.2.0',
29 silly addNameRange     '0.3.0',
29 silly addNameRange     '0.3.1',
29 silly addNameRange     '0.3.2',
29 silly addNameRange     '0.4.0',
29 silly addNameRange     '0.5.0',
29 silly addNameRange     '0.5.1',
29 silly addNameRange     '0.6.0',
29 silly addNameRange     '0.6.1',
29 silly addNameRange     '0.6.2',
29 silly addNameRange     '0.6.3',
29 silly addNameRange     '0.6.4',
29 silly addNameRange     '0.6.5',
29 silly addNameRange     '0.6.6',
29 silly addNameRange     '0.6.7',
29 silly addNameRange     '0.6.8',
29 silly addNameRange     '0.7.0',
29 silly addNameRange     '0.7.1',
29 silly addNameRange     '0.8.0',
29 silly addNameRange     '0.8.1',
29 silly addNameRange     '0.8.2',
29 silly addNameRange     '0.8.3',
29 silly addNameRange     '0.8.4',
29 silly addNameRange     '0.8.5',
29 silly addNameRange     '0.8.6',
29 silly addNameRange     '0.9.0',
29 silly addNameRange     '0.9.1',
29 silly addNameRange     '0.9.2',
29 silly addNameRange     '0.10.0',
29 silly addNameRange     '1.0.0',
29 silly addNameRange     '1.0.1',
29 silly addNameRange     '1.0.2',
29 silly addNameRange     '1.0.3',
29 silly addNameRange     '1.1.0',
29 silly addNameRange     '1.1.1',
29 silly addNameRange     '1.1.2',
29 silly addNameRange     '1.2.0',
29 silly addNameRange     '1.2.1',
29 silly addNameRange     '1.2.2',
29 silly addNameRange     '1.2.3',
29 silly addNameRange     '1.2.4',
29 silly addNameRange     '1.2.5',
29 silly addNameRange     '1.2.6',
29 silly addNameRange     '1.2.7',
29 silly addNameRange     '1.2.8',
29 silly addNameRange     '1.3.0',
29 silly addNameRange     '1.3.1',
29 silly addNameRange     '1.3.2',
29 silly addNameRange     '1.3.3',
29 silly addNameRange     '1.3.4',
29 silly addNameRange     '1.3.5',
29 silly addNameRange     '1.3.6',
29 silly addNameRange     '1.3.7',
29 silly addNameRange     '1.3.8',
29 silly addNameRange     '1.3.9',
29 silly addNameRange     '1.3.10',
29 silly addNameRange     '1.3.11',
29 silly addNameRange     '1.3.12',
29 silly addNameRange     '1.4.0',
29 silly addNameRange     '1.4.1' ] ]
30 verbose addNamed [ 'bower', '1.4.1' ]
31 verbose addNamed [ '1.4.1', '1.4.1' ]
32 silly lockFile 185f46c0-bower-1-4-1 bower@1.4.1
33 verbose lock bower@1.4.1 /home/vagrant/.npm/185f46c0-bower-1-4-1.lock
34 silly lockFile 04dcb06b--npmjs-org-bower-bower-1-4-1-tgz https://registry.npmjs.org/bower/-/bower-1.4.1.tgz
35 verbose lock https://registry.npmjs.org/bower/-/bower-1.4.1.tgz /home/vagrant/.npm/04dcb06b--npmjs-org-bower-bower-1-4-1-tgz.lock
36 verbose addRemoteTarball [ 'https://registry.npmjs.org/bower/-/bower-1.4.1.tgz',
36 verbose addRemoteTarball   'a18be39d030792754f30f1c5b32d37b0156ba8dd' ]
37 info retry fetch attempt 1 at 08:07:35
38 verbose fetch to= /tmp/npm-16037-z9jMCXB3/registry.npmjs.org/bower/-/bower-1.4.1.tgz
39 http GET https://registry.npmjs.org/bower/-/bower-1.4.1.tgz
40 http 200 https://registry.npmjs.org/bower/-/bower-1.4.1.tgz
41 silly lockFile 04dcb06b--npmjs-org-bower-bower-1-4-1-tgz https://registry.npmjs.org/bower/-/bower-1.4.1.tgz
42 silly lockFile 04dcb06b--npmjs-org-bower-bower-1-4-1-tgz https://registry.npmjs.org/bower/-/bower-1.4.1.tgz
43 silly lockFile 185f46c0-bower-1-4-1 bower@1.4.1
44 silly lockFile 185f46c0-bower-1-4-1 bower@1.4.1
45 silly lockFile 1240aab1-bower bower@
46 silly lockFile 1240aab1-bower bower@
47 silly resolved [ { name: 'bower',
47 silly resolved     version: '1.4.1',
47 silly resolved     description: 'The browser package manager',
47 silly resolved     author: { name: 'Twitter' },
47 silly resolved     licenses: [ [Object] ],
47 silly resolved     repository: { type: 'git', url: 'https://github.com/bower/bower' },
47 silly resolved     main: 'lib',
47 silly resolved     homepage: 'http://bower.io',
47 silly resolved     engines: { node: '>=0.10.0' },
47 silly resolved     dependencies:
47 silly resolved      { abbrev: '^1.0.5',
47 silly resolved        archy: '1.0.0',
47 silly resolved        'bower-config': '^0.6.1',
47 silly resolved        'bower-endpoint-parser': '^0.2.2',
47 silly resolved        'bower-json': '^0.4.0',
47 silly resolved        'bower-logger': '^0.2.2',
47 silly resolved        'bower-registry-client': '^0.3.0',
47 silly resolved        cardinal: '0.4.4',
47 silly resolved        chalk: '^1.0.0',
47 silly resolved        chmodr: '0.1.0',
47 silly resolved        configstore: '^0.3.2',
47 silly resolved        'decompress-zip': '^0.1.0',
47 silly resolved        fstream: '^1.0.3',
47 silly resolved        'fstream-ignore': '^1.0.2',
47 silly resolved        github: '^0.2.3',
47 silly resolved        glob: '^4.3.2',
47 silly resolved        'graceful-fs': '^3.0.5',
47 silly resolved        handlebars: '^2.0.0',
47 silly resolved        inquirer: '0.8.0',
47 silly resolved        insight: '^0.5.0',
47 silly resolved        'is-root': '^1.0.0',
47 silly resolved        junk: '^1.0.0',
47 silly resolved        lockfile: '^1.0.0',
47 silly resolved        'lru-cache': '^2.5.0',
47 silly resolved        mkdirp: '0.5.0',
47 silly resolved        mout: '^0.11.0',
47 silly resolved        nopt: '^3.0.1',
47 silly resolved        opn: '^1.0.1',
47 silly resolved        'p-throttler': '0.1.1',
47 silly resolved        promptly: '0.2.0',
47 silly resolved        q: '^1.1.2',
47 silly resolved        request: '2.53.0',
47 silly resolved        'request-progress': '0.3.1',
47 silly resolved        retry: '0.6.1',
47 silly resolved        rimraf: '^2.2.8',
47 silly resolved        semver: '^2.3.0',
47 silly resolved        'shell-quote': '^1.4.2',
47 silly resolved        'stringify-object': '^1.0.0',
47 silly resolved        'tar-fs': '^1.4.1',
47 silly resolved        tmp: '0.0.24',
47 silly resolved        'update-notifier': '^0.3.0',
47 silly resolved        'user-home': '^1.1.0',
47 silly resolved        which: '^1.0.8' },
47 silly resolved     devDependencies:
47 silly resolved      { chai: '^1.10.0',
47 silly resolved        coveralls: '^2.11.2',
47 silly resolved        'expect.js': '^0.3.1',
47 silly resolved        grunt: '^0.4.5',
47 silly resolved        'grunt-cli': '^0.1.13',
47 silly resolved        'grunt-contrib-jshint': '^0.10.0',
47 silly resolved        'grunt-contrib-watch': '^0.6.1',
47 silly resolved        'grunt-exec': '^0.4.6',
47 silly resolved        'grunt-simple-mocha': '^0.4.0',
47 silly resolved        istanbul: '^0.3.5',
47 silly resolved        'load-grunt-tasks': '^2.0.0',
47 silly resolved        mocha: '^2.1.0',
47 silly resolved        multiline: '^1.0.2',
47 silly resolved        nock: '^0.56.0',
47 silly resolved        'node-uuid': '^1.4.2',
47 silly resolved        proxyquire: '^1.3.0',
47 silly resolved        'spawn-sync': '^1.0.5' },
47 silly resolved     scripts: { test: 'grunt test' },
47 silly resolved     bin: { bower: 'bin/bower' },
47 silly resolved     preferGlobal: true,
47 silly resolved     gitHead: 'a1287416d40f944d58cb8f2e774e2076bfffd32f',
47 silly resolved     bugs: { url: 'https://github.com/bower/bower/issues' },
47 silly resolved     _id: 'bower@1.4.1',
47 silly resolved     _shasum: 'a18be39d030792754f30f1c5b32d37b0156ba8dd',
47 silly resolved     _from: 'bower@',
47 silly resolved     _npmVersion: '2.7.4',
47 silly resolved     _nodeVersion: '0.12.0',
47 silly resolved     _npmUser: { name: 'sheerun', email: 'sheerun@sher.pl' },
47 silly resolved     maintainers: [ [Object], [Object], [Object], [Object], [Object], [Object] ],
47 silly resolved     dist:
47 silly resolved      { shasum: 'a18be39d030792754f30f1c5b32d37b0156ba8dd',
47 silly resolved        tarball: 'http://registry.npmjs.org/bower/-/bower-1.4.1.tgz' },
47 silly resolved     directories: {},
47 silly resolved     _resolved: 'https://registry.npmjs.org/bower/-/bower-1.4.1.tgz' } ]
48 info install bower@1.4.1 into /usr/lib
49 info installOne bower@1.4.1
50 verbose lib/node_modules/bower unbuild
51 verbose tar unpack /home/vagrant/.npm/bower/1.4.1/package.tgz
52 silly lockFile 6f53a3f9-tar-usr-lib-node-modules-bower tar:///usr/lib/node_modules/bower
53 verbose lock tar:///usr/lib/node_modules/bower /home/vagrant/.npm/6f53a3f9-tar-usr-lib-node-modules-bower.lock
54 silly lockFile e17e40b1-rant-npm-bower-1-4-1-package-tgz tar:///home/vagrant/.npm/bower/1.4.1/package.tgz
55 verbose lock tar:///home/vagrant/.npm/bower/1.4.1/package.tgz /home/vagrant/.npm/e17e40b1-rant-npm-bower-1-4-1-package-tgz.lock
56 silly gunzTarPerm modes [ '755', '644' ]
57 error Error: EACCES, mkdir '/usr/lib/node_modules/bower'
57 error  { [Error: EACCES, mkdir '/usr/lib/node_modules/bower']
57 error   errno: 3,
57 error   code: 'EACCES',
57 error   path: '/usr/lib/node_modules/bower',
57 error   fstream_type: 'Directory',
57 error   fstream_path: '/usr/lib/node_modules/bower',
57 error   fstream_class: 'DirWriter',
57 error   fstream_stack:
57 error    [ '/usr/lib/node_modules/npm/node_modules/fstream/lib/dir-writer.js:36:23',
57 error      '/usr/lib/node_modules/npm/node_modules/mkdirp/index.js:46:53',
57 error      'Object.oncomplete (fs.js:108:15)' ] }
58 error Please try running this command again as root/Administrator.
59 error System Linux 3.2.0-4-amd64
60 error command "/usr/bin/node" "/usr/bin/npm" "install" "-g" "bower"
61 error cwd /vagrant/libs/layout-grid
62 error node -v v0.10.38
63 error npm -v 1.4.28
64 error path /usr/lib/node_modules/bower
65 error fstream_path /usr/lib/node_modules/bower
66 error fstream_type Directory
67 error fstream_class DirWriter
68 error code EACCES
69 error errno 3
70 error stack Error: EACCES, mkdir '/usr/lib/node_modules/bower'
71 error fstream_stack /usr/lib/node_modules/npm/node_modules/fstream/lib/dir-writer.js:36:23
71 error fstream_stack /usr/lib/node_modules/npm/node_modules/mkdirp/index.js:46:53
71 error fstream_stack Object.oncomplete (fs.js:108:15)
72 verbose exit [ 3, true ]
